production
production
production
production
production
production
production
production
production
production
production
production
production
production
production
production
production
production
production
production
production
production
production
production
production
production
production
production
production
production
production
production
production
production
production
production
production
production
production
production
production
production
production
production
production
production
production
production
production
production
production
production
production
production
production
production
production
production
production
production
production
production
production
production
production
production
production
production
production
production
production
production
production
production
production
production
production
production
production
production
production
production
production
production
production
production
production
production
production
production
production
production
production
production
production
production
production
production
production
production
production
production
production
production
production
production
production
production
production
production
production
production
production
production
production
production
production
production
production
production
production
production
production
production
production
production
production
production
[0mGET / [32m200[0m 210.879 ms - 3507[0m
[0mGET /users/signin [32m200[0m 24.826 ms - 1748[0m
[0mGET /users/css/layout.css [33m404[0m 4.461 ms - 159[0m
[0mGET /users/css/signin-signup.css [33m404[0m 4.447 ms - 166[0m
[0mGET /users/images/logo.png [33m404[0m 5.400 ms - 160[0m
[0mGET /users/css/layout.css [33m404[0m 7.570 ms - 159[0m
[0mGET /users/images/google.png [33m404[0m 7.628 ms - 162[0m
[0mGET /users/signin [36m304[0m 34.409 ms - -[0m
[0mGET /users/css/layout.css [33m404[0m 4.925 ms - 159[0m
[0mGET /users/css/signin-signup.css [33m404[0m 3.024 ms - 166[0m
[0mGET /users/images/logo.png [33m404[0m 2.301 ms - 160[0m
[0mGET /users/images/google.png [33m404[0m 4.510 ms - 162[0m
[0mGET /users/css/layout.css [33m404[0m 3.808 ms - 159[0m
[0mGET /users/css/signin-signup.css [33m404[0m 5.107 ms - 166[0m
[0mGET /users/auth/google [36m302[0m 3.377 ms - 0[0m
[0mGET /users/auth/google/callback?code=4%2F0AX4XfWj2zsTxG6r-J8oYRVAxF68NoCSeRdbUfAwIpLdkcnatkcVg3Qy06-S5FBl-GM3tdA&scope=email+profile+https%3A%2F%2Fwww.googleapis.com%2Fauth%2Fuserinfo.profile+https%3A%2F%2Fwww.googleapis.com%2Fauth%2Fuserinfo.email+openid&authuser=0&prompt=consent [36m302[0m 482.556 ms - 46[0m
[0mGET / [32m200[0m 24.574 ms - 6513[0m
[0mGET /users/profile/62407e633b5636157e1dffb0 [32m200[0m 10.067 ms - 2187[0m
[0mGET /users/profile/css/layout.css [33m404[0m 7.484 ms - 167[0m
[0mGET /users/profile/css/users_profile.css [33m404[0m 9.097 ms - 174[0m
[0mGET /users/profile/images/logo.png [33m404[0m 4.115 ms - 168[0m
[0mGET /users/profile/62407e633b5636157e1dffb0 [36m304[0m 9.160 ms - -[0m
[0mGET /users/profile/css/layout.css [33m404[0m 8.970 ms - 167[0m
[0mGET /users/profile/css/users_profile.css [33m404[0m 6.705 ms - 174[0m
[0mGET /users/profile/images/logo.png [33m404[0m 5.966 ms - 168[0m
[0mGET /users/profile/62407e633b5636157e1dffb0 [32m200[0m 36.347 ms - 2190[0m
[0mGET /users/profile/62407e633b5636157e1dffb0 [36m304[0m 20.555 ms - -[0m
[0mGET / [32m200[0m 34.819 ms - 6226[0m
[0mGET /likes/toggle/?id=6240a1faf48859e0bf1d5cc4&type=Post [32m200[0m 197.322 ms - 58[0m
[0mGET /likes/toggle/?id=6240a1faf48859e0bf1d5cc4&type=Post [32m200[0m 23.576 ms - 57[0m
[0mPOST /comments/create [32m200[0m 61.074 ms - 410[0m
[0mGET /likes/toggle/?id=62655295b170dc9e74115539&type=Comment [32m200[0m 20.310 ms - 58[0m
[0mGET /likes/toggle/?id=62655295b170dc9e74115539&type=Comment [32m200[0m 22.488 ms - 57[0m
[0mGET /comments/destroy/62655295b170dc9e74115539 [32m200[0m 22.178 ms - 108[0m
production
production
production
production
production
production
production
production
production
production
production
production
production
production
[0mGET / [32m200[0m 205.694 ms - 3645[0m
[0mGET / [32m200[0m 29.759 ms - 3517[0m
[0mGET / [36m304[0m 16.080 ms - -[0m
[0mGET / [32m200[0m 53.329 ms - 3520[0m
[0mGET / [36m304[0m 27.035 ms - -[0m
[0mGET / [36m304[0m 30.381 ms - -[0m
[0mGET / [32m200[0m 29.312 ms - 3518[0m
[0mGET /users/signin [32m200[0m 11.175 ms - 1752[0m
[0mGET /users/auth/google [36m302[0m 4.781 ms - 0[0m
[0mGET /users/auth/google/callback?code=4%2F0AX4XfWiKZ0WQ4KEUiwBkDJ4evPbBcVFLs7VhmeUAaY1v1WKuG_zxW4jTh1CEeZ3dTwNOeg&scope=email+profile+https%3A%2F%2Fwww.googleapis.com%2Fauth%2Fuserinfo.profile+https%3A%2F%2Fwww.googleapis.com%2Fauth%2Fuserinfo.email+openid&authuser=0&prompt=consent [36m302[0m 573.311 ms - 46[0m
[0mGET / [32m200[0m 20.277 ms - 6527[0m
[0mGET /likes/toggle/?id=6240a1faf48859e0bf1d5cc4&type=Post [32m200[0m 37.865 ms - 58[0m
[0mGET /likes/toggle/?id=6240a1faf48859e0bf1d5cc4&type=Post [32m200[0m 20.136 ms - 57[0m
[0mPOST /comments/create [32m200[0m 57.075 ms - 410[0m
[0mGET /likes/toggle/?id=62656a8e325388be55607b2d&type=Comment [32m200[0m 17.089 ms - 58[0m
[0mGET /likes/toggle/?id=62656a8e325388be55607b2d&type=Comment [32m200[0m 13.834 ms - 57[0m
[0mGET /comments/destroy/62656a8e325388be55607b2d [32m200[0m 66.681 ms - 108[0m
[0mGET / [32m200[0m 23.906 ms - 6227[0m
[0mGET / [32m200[0m 84.291 ms - 6297[0m
